{"C:\\Users\\YEISON\\Documents\\PROYECTOS\\UDEA\\2023-1\\MATERIAS\\ARQUITECTURA DE SOFTWARE\\PROYECTOS\\LABORATORIO 2\\Lab2_AS_2023\\app\\calculator.js":{"path":"C:\\Users\\YEISON\\Documents\\PROYECTOS\\UDEA\\2023-1\\MATERIAS\\ARQUITECTURA DE SOFTWARE\\PROYECTOS\\LABORATORIO 2\\Lab2_AS_2023\\app\\calculator.js","s":{"1":1,"2":1,"3":1,"4":1,"5":1,"6":1,"7":1,"8":1,"9":1,"10":2,"11":1,"12":1,"13":1},"b":{"1":[1,1]},"f":{"1":1,"2":1,"3":1,"4":1,"5":2},"fnMap":{"1":{"name":"add","line":5,"loc":{"start":{"line":5,"column":0},"end":{"line":5,"column":17}}},"2":{"name":"minus","line":6,"loc":{"start":{"line":6,"column":0},"end":{"line":6,"column":19}}},"3":{"name":"raiz","line":7,"loc":{"start":{"line":7,"column":0},"end":{"line":7,"column":16}}},"4":{"name":"multiply","line":8,"loc":{"start":{"line":8,"column":0},"end":{"line":8,"column":22}}},"5":{"name":"divide","line":9,"loc":{"start":{"line":9,"column":0},"end":{"line":9,"column":20}}}},"statementMap":{"1":{"start":{"line":5,"column":0},"end":{"line":5,"column":30}},"2":{"start":{"line":5,"column":18},"end":{"line":5,"column":29}},"3":{"start":{"line":6,"column":0},"end":{"line":6,"column":32}},"4":{"start":{"line":6,"column":20},"end":{"line":6,"column":31}},"5":{"start":{"line":7,"column":0},"end":{"line":7,"column":38}},"6":{"start":{"line":7,"column":17},"end":{"line":7,"column":37}},"7":{"start":{"line":8,"column":0},"end":{"line":8,"column":35}},"8":{"start":{"line":8,"column":23},"end":{"line":8,"column":34}},"9":{"start":{"line":9,"column":0},"end":{"line":15,"column":1}},"10":{"start":{"line":10,"column":4},"end":{"line":14,"column":5}},"11":{"start":{"line":11,"column":8},"end":{"line":11,"column":54}},"12":{"start":{"line":13,"column":8},"end":{"line":13,"column":19}},"13":{"start":{"line":17,"column":0},"end":{"line":23,"column":1}}},"branchMap":{"1":{"line":10,"type":"if","locations":[{"start":{"line":10,"column":4},"end":{"line":10,"column":4}},{"start":{"line":10,"column":4},"end":{"line":10,"column":4}}]}}}}